# JRE version: OpenJDK Runtime Environment (21.0.8) (build 21.0.8+-14196175-b1038.72)
# Java VM: OpenJDK 64-Bit Server VM (21.0.8+-14196175-b1038.72, mixed mode, tiered, compressed oops, compressed class ptrs, g1 gc, windows-amd64)
GC Precious Log:
 CardTable entry size: 512
 Card Set container configuration: InlinePtr #cards 4 size 8 Array Of Cards #cards 16 size 48 Howl #buckets 8 coarsen threshold 3686 Howl Bitmap #cards 512 size 80 coarsen threshold 460 Card regions per heap region 1 cards per card region 4096
 CPUs: 12 total, 12 available
 Memory: 16091M
 Large Page Support: Disabled
 NUMA Support: Disabled
 Compressed Oops: Enabled (Zero based)
 Heap Region Size: 2M
 Heap Min Capacity: 8M
 Heap Initial Capacity: 252M
 Heap Max Capacity: 4024M
 Pre-touch: Disabled
 Parallel Workers: 10
 Concurrent Workers: 3
 Concurrent Refinement Workers: 10
 Periodic GC: Disabled
Heap:
 garbage-first heap   total 337920K, used 274887K [0x0000000704800000, 0x0000000800000000)
  region size 2048K, 40 young (81920K), 4 survivors (8192K)
 Metaspace       used 103832K, committed 104256K, reserved 1179648K
  class space    used 10647K, committed 10816K, reserved 1048576K
GC Heap History (20 events):
Event: 27.203 GC heap before
{Heap before GC invocations=27 (full 0):
 garbage-first heap   total 204800K, used 181426K [0x0000000704800000, 0x0000000800000000)
  region size 2048K, 28 young (57344K), 3 survivors (6144K)
 Metaspace       used 74770K, committed 75072K, reserved 1179648K
  class space    used 8035K, committed 8192K, reserved 1048576K
}
Event: 27.217 GC heap after
{Heap after GC invocations=28 (full 0):
 garbage-first heap   total 204800K, used 138017K [0x0000000704800000, 0x0000000800000000)
  region size 2048K, 4 young (8192K), 4 survivors (8192K)
 Metaspace       used 74770K, committed 75072K, reserved 1179648K
  class space    used 8035K, committed 8192K, reserved 1048576K
}
Event: 29.478 GC heap before
{Heap before GC invocations=28 (full 0):
 garbage-first heap   total 204800K, used 183073K [0x0000000704800000, 0x0000000800000000)
  region size 2048K, 26 young (53248K), 4 survivors (8192K)
 Metaspace       used 81058K, committed 81344K, reserved 1179648K
  class space    used 8609K, committed 8768K, reserved 1048576K
}
Event: 29.491 GC heap after
{Heap after GC invocations=29 (full 0):
 garbage-first heap   total 204800K, used 146698K [0x0000000704800000, 0x0000000800000000)
  region size 2048K, 4 young (8192K), 4 survivors (8192K)
 Metaspace       used 81058K, committed 81344K, reserved 1179648K
  class space    used 8609K, committed 8768K, reserved 1048576K
}
Event: 30.425 GC heap before
{Heap before GC invocations=30 (full 0):
 garbage-first heap   total 245760K, used 183562K [0x0000000704800000, 0x0000000800000000)
  region size 2048K, 22 young (45056K), 4 survivors (8192K)
 Metaspace       used 82740K, committed 83072K, reserved 1179648K
  class space    used 8731K, committed 8896K, reserved 1048576K
}
Event: 30.439 GC heap after
{Heap after GC invocations=31 (full 0):
 garbage-first heap   total 245760K, used 154862K [0x0000000704800000, 0x0000000800000000)
  region size 2048K, 3 young (6144K), 3 survivors (6144K)
 Metaspace       used 82740K, committed 83072K, reserved 1179648K
  class space    used 8731K, committed 8896K, reserved 1048576K
}
Event: 31.244 GC heap before
{Heap before GC invocations=31 (full 0):
 garbage-first heap   total 245760K, used 216302K [0x0000000704800000, 0x0000000800000000)
  region size 2048K, 33 young (67584K), 3 survivors (6144K)
 Metaspace       used 83144K, committed 83456K, reserved 1179648K
  class space    used 8759K, committed 8896K, reserved 1048576K
}
Event: 31.261 GC heap after
{Heap after GC invocations=32 (full 0):
 garbage-first heap   total 245760K, used 167936K [0x0000000704800000, 0x0000000800000000)
  region size 2048K, 5 young (10240K), 5 survivors (10240K)
 Metaspace       used 83144K, committed 83456K, reserved 1179648K
  class space    used 8759K, committed 8896K, reserved 1048576K
}
Event: 31.790 GC heap before
{Heap before GC invocations=32 (full 0):
 garbage-first heap   total 245760K, used 217088K [0x0000000704800000, 0x0000000800000000)
  region size 2048K, 29 young (59392K), 5 survivors (10240K)
 Metaspace       used 83273K, committed 83584K, reserved 1179648K
  class space    used 8761K, committed 8896K, reserved 1048576K
}
Event: 31.804 GC heap after
{Heap after GC invocations=33 (full 0):
 garbage-first heap   total 294912K, used 181130K [0x0000000704800000, 0x0000000800000000)
  region size 2048K, 4 young (8192K), 4 survivors (8192K)
 Metaspace       used 83273K, committed 83584K, reserved 1179648K
  class space    used 8761K, committed 8896K, reserved 1048576K
}
Event: 32.767 GC heap before
{Heap before GC invocations=34 (full 0):
 garbage-first heap   total 305152K, used 250762K [0x0000000704800000, 0x0000000800000000)
  region size 2048K, 39 young (79872K), 4 survivors (8192K)
 Metaspace       used 85625K, committed 85952K, reserved 1179648K
  class space    used 8937K, committed 9088K, reserved 1048576K
}
Event: 32.780 GC heap after
{Heap after GC invocations=35 (full 0):
 garbage-first heap   total 305152K, used 193594K [0x0000000704800000, 0x0000000800000000)
  region size 2048K, 5 young (10240K), 5 survivors (10240K)
 Metaspace       used 85625K, committed 85952K, reserved 1179648K
  class space    used 8937K, committed 9088K, reserved 1048576K
}
Event: 34.326 GC heap before
{Heap before GC invocations=35 (full 0):
 garbage-first heap   total 305152K, used 265274K [0x0000000704800000, 0x0000000800000000)
  region size 2048K, 40 young (81920K), 5 survivors (10240K)
 Metaspace       used 94343K, committed 94656K, reserved 1179648K
  class space    used 9933K, committed 10048K, reserved 1048576K
}
Event: 34.338 GC heap after
{Heap after GC invocations=36 (full 0):
 garbage-first heap   total 305152K, used 199230K [0x0000000704800000, 0x0000000800000000)
  region size 2048K, 3 young (6144K), 3 survivors (6144K)
 Metaspace       used 94343K, committed 94656K, reserved 1179648K
  class space    used 9933K, committed 10048K, reserved 1048576K
}
Event: 35.392 GC heap before
{Heap before GC invocations=36 (full 0):
 garbage-first heap   total 305152K, used 270910K [0x0000000704800000, 0x0000000800000000)
  region size 2048K, 38 young (77824K), 3 survivors (6144K)
 Metaspace       used 95948K, committed 96256K, reserved 1179648K
  class space    used 10060K, committed 10176K, reserved 1048576K
}
Event: 35.399 GC heap after
{Heap after GC invocations=37 (full 0):
 garbage-first heap   total 305152K, used 201585K [0x0000000704800000, 0x0000000800000000)
  region size 2048K, 2 young (4096K), 2 survivors (4096K)
 Metaspace       used 95948K, committed 96256K, reserved 1179648K
  class space    used 10060K, committed 10176K, reserved 1048576K
}
Event: 36.861 GC heap before
{Heap before GC invocations=38 (full 0):
 garbage-first heap   total 337920K, used 275313K [0x0000000704800000, 0x0000000800000000)
  region size 2048K, 38 young (77824K), 2 survivors (4096K)
 Metaspace       used 96516K, committed 96896K, reserved 1179648K
  class space    used 10085K, committed 10240K, reserved 1048576K
}
Event: 36.867 GC heap after
{Heap after GC invocations=39 (full 0):
 garbage-first heap   total 337920K, used 203213K [0x0000000704800000, 0x0000000800000000)
  region size 2048K, 3 young (6144K), 3 survivors (6144K)
 Metaspace       used 96516K, committed 96896K, reserved 1179648K
  class space    used 10085K, committed 10240K, reserved 1048576K
}
Event: 38.302 GC heap before
{Heap before GC invocations=39 (full 0):
 garbage-first heap   total 337920K, used 303565K [0x0000000704800000, 0x0000000800000000)
  region size 2048K, 52 young (106496K), 3 survivors (6144K)
 Metaspace       used 97326K, committed 97600K, reserved 1179648K
  class space    used 10123K, committed 10240K, reserved 1048576K
}
Event: 38.311 GC heap after
{Heap after GC invocations=40 (full 0):
 garbage-first heap   total 337920K, used 203207K [0x0000000704800000, 0x0000000800000000)
  region size 2048K, 4 young (8192K), 4 survivors (8192K)
 Metaspace       used 97326K, committed 97600K, reserved 1179648K
  class space    used 10123K, committed 10240K, reserved 1048576K
}

